[2020-09-29 13:38:39,061] {dag_processing.py:839} INFO - Processing files using up to 2 processes at a time 
[2020-09-29 13:38:39,061] {dag_processing.py:840} INFO - Process each file at most once every 0 seconds
[2020-09-29 13:38:39,061] {dag_processing.py:842} INFO - Checking for new files in /opt/airflow/dags every 300 seconds
[2020-09-29 13:38:39,062] {dag_processing.py:1312} INFO - Finding 'running' jobs without a recent heartbeat
[2020-09-29 13:38:39,062] {dag_processing.py:1316} INFO - Failing jobs without heartbeat after 2020-09-29 13:33:39.062789+00:00
[2020-09-29 13:38:39,093] {dag_processing.py:1064} INFO - 
================================================================================
DAG File Processing Stats

File Path                         PID  Runtime      # DAGs    # Errors  Last Runtime    Last Run
------------------------------  -----  ---------  --------  ----------  --------------  ----------
/opt/airflow/dags/dummy_dag.py    157  0.00s             0           0
================================================================================
[2020-09-29 13:38:49,112] {dag_processing.py:1312} INFO - Finding 'running' jobs without a recent heartbeat
[2020-09-29 13:38:49,113] {dag_processing.py:1316} INFO - Failing jobs without heartbeat after 2020-09-29 13:33:49.113117+00:00
[2020-09-29 13:38:59,169] {dag_processing.py:1312} INFO - Finding 'running' jobs without a recent heartbeat
[2020-09-29 13:38:59,169] {dag_processing.py:1316} INFO - Failing jobs without heartbeat after 2020-09-29 13:33:59.169568+00:00
[2020-09-29 13:39:09,230] {dag_processing.py:1312} INFO - Finding 'running' jobs without a recent heartbeat
[2020-09-29 13:39:09,230] {dag_processing.py:1316} INFO - Failing jobs without heartbeat after 2020-09-29 13:34:09.230445+00:00
[2020-09-29 13:39:09,238] {dag_processing.py:1064} INFO - 
================================================================================
DAG File Processing Stats

File Path                         PID  Runtime      # DAGs    # Errors  Last Runtime    Last Run
------------------------------  -----  ---------  --------  ----------  --------------  -------------------
/opt/airflow/dags/dummy_dag.py    307  0.00s             0           0  1.01s           2020-09-29T13:39:09
================================================================================
[2020-09-29 13:39:19,282] {dag_processing.py:1312} INFO - Finding 'running' jobs without a recent heartbeat
[2020-09-29 13:39:19,282] {dag_processing.py:1316} INFO - Failing jobs without heartbeat after 2020-09-29 13:34:19.282329+00:00
[2020-09-29 13:39:29,344] {dag_processing.py:1312} INFO - Finding 'running' jobs without a recent heartbeat
[2020-09-29 13:39:29,344] {dag_processing.py:1316} INFO - Failing jobs without heartbeat after 2020-09-29 13:34:29.344513+00:00
[2020-09-29 13:39:39,397] {dag_processing.py:1312} INFO - Finding 'running' jobs without a recent heartbeat
[2020-09-29 13:39:39,398] {dag_processing.py:1316} INFO - Failing jobs without heartbeat after 2020-09-29 13:34:39.398154+00:00
[2020-09-29 13:39:39,407] {dag_processing.py:1064} INFO - 
================================================================================
DAG File Processing Stats

File Path                         PID  Runtime      # DAGs    # Errors  Last Runtime    Last Run
------------------------------  -----  ---------  --------  ----------  --------------  -------------------
/opt/airflow/dags/dummy_dag.py    457  0.00s             0           0  1.01s           2020-09-29T13:39:39
================================================================================
[2020-09-29 13:39:49,456] {dag_processing.py:1312} INFO - Finding 'running' jobs without a recent heartbeat
[2020-09-29 13:39:49,457] {dag_processing.py:1316} INFO - Failing jobs without heartbeat after 2020-09-29 13:34:49.457289+00:00
[2020-09-29 13:39:59,513] {dag_processing.py:1312} INFO - Finding 'running' jobs without a recent heartbeat
[2020-09-29 13:39:59,513] {dag_processing.py:1316} INFO - Failing jobs without heartbeat after 2020-09-29 13:34:59.513785+00:00
[2020-09-29 13:40:09,571] {dag_processing.py:1312} INFO - Finding 'running' jobs without a recent heartbeat
[2020-09-29 13:40:09,571] {dag_processing.py:1316} INFO - Failing jobs without heartbeat after 2020-09-29 13:35:09.571707+00:00
[2020-09-29 13:40:09,579] {dag_processing.py:1064} INFO - 
================================================================================
DAG File Processing Stats

File Path                         PID  Runtime      # DAGs    # Errors  Last Runtime    Last Run
------------------------------  -----  ---------  --------  ----------  --------------  -------------------
/opt/airflow/dags/dummy_dag.py    607  0.00s             0           0  1.01s           2020-09-29T13:40:09
================================================================================
[2020-09-29 13:40:19,627] {dag_processing.py:1312} INFO - Finding 'running' jobs without a recent heartbeat
[2020-09-29 13:40:19,627] {dag_processing.py:1316} INFO - Failing jobs without heartbeat after 2020-09-29 13:35:19.627625+00:00
[2020-09-29 13:40:29,680] {dag_processing.py:1312} INFO - Finding 'running' jobs without a recent heartbeat
[2020-09-29 13:40:29,680] {dag_processing.py:1316} INFO - Failing jobs without heartbeat after 2020-09-29 13:35:29.680862+00:00
[2020-09-29 13:40:39,738] {dag_processing.py:1312} INFO - Finding 'running' jobs without a recent heartbeat
[2020-09-29 13:40:39,739] {dag_processing.py:1316} INFO - Failing jobs without heartbeat after 2020-09-29 13:35:39.739278+00:00
[2020-09-29 13:40:39,754] {dag_processing.py:1064} INFO - 
================================================================================
DAG File Processing Stats

File Path                         PID  Runtime      # DAGs    # Errors  Last Runtime    Last Run
------------------------------  -----  ---------  --------  ----------  --------------  -------------------
/opt/airflow/dags/dummy_dag.py    757  0.01s             0           0  1.01s           2020-09-29T13:40:39
================================================================================
[2020-09-29 13:40:49,801] {dag_processing.py:1312} INFO - Finding 'running' jobs without a recent heartbeat
[2020-09-29 13:40:49,801] {dag_processing.py:1316} INFO - Failing jobs without heartbeat after 2020-09-29 13:35:49.801470+00:00
[2020-09-29 13:40:59,856] {dag_processing.py:1312} INFO - Finding 'running' jobs without a recent heartbeat
[2020-09-29 13:40:59,857] {dag_processing.py:1316} INFO - Failing jobs without heartbeat after 2020-09-29 13:35:59.857085+00:00
[2020-09-29 13:41:09,911] {dag_processing.py:1312} INFO - Finding 'running' jobs without a recent heartbeat
[2020-09-29 13:41:09,912] {dag_processing.py:1316} INFO - Failing jobs without heartbeat after 2020-09-29 13:36:09.912232+00:00
[2020-09-29 13:41:09,921] {dag_processing.py:1064} INFO - 
================================================================================
DAG File Processing Stats

File Path                         PID  Runtime      # DAGs    # Errors  Last Runtime    Last Run
------------------------------  -----  ---------  --------  ----------  --------------  -------------------
/opt/airflow/dags/dummy_dag.py    907  0.00s             0           0  1.01s           2020-09-29T13:41:09
================================================================================
[2020-09-29 13:41:19,970] {dag_processing.py:1312} INFO - Finding 'running' jobs without a recent heartbeat
[2020-09-29 13:41:19,970] {dag_processing.py:1316} INFO - Failing jobs without heartbeat after 2020-09-29 13:36:19.970375+00:00
[2020-09-29 13:41:30,031] {dag_processing.py:1312} INFO - Finding 'running' jobs without a recent heartbeat
[2020-09-29 13:41:30,031] {dag_processing.py:1316} INFO - Failing jobs without heartbeat after 2020-09-29 13:36:30.031849+00:00
[2020-09-29 13:41:40,087] {dag_processing.py:1312} INFO - Finding 'running' jobs without a recent heartbeat
[2020-09-29 13:41:40,088] {dag_processing.py:1316} INFO - Failing jobs without heartbeat after 2020-09-29 13:36:40.088282+00:00
[2020-09-29 13:41:40,096] {dag_processing.py:1064} INFO - 
================================================================================
DAG File Processing Stats

File Path                         PID  Runtime      # DAGs    # Errors  Last Runtime    Last Run
------------------------------  -----  ---------  --------  ----------  --------------  -------------------
/opt/airflow/dags/dummy_dag.py   1057  0.00s             0           0  1.01s           2020-09-29T13:41:40
================================================================================
[2020-09-29 13:41:50,144] {dag_processing.py:1312} INFO - Finding 'running' jobs without a recent heartbeat
[2020-09-29 13:41:50,144] {dag_processing.py:1316} INFO - Failing jobs without heartbeat after 2020-09-29 13:36:50.144867+00:00
[2020-09-29 13:42:00,214] {dag_processing.py:1312} INFO - Finding 'running' jobs without a recent heartbeat
[2020-09-29 13:42:00,214] {dag_processing.py:1316} INFO - Failing jobs without heartbeat after 2020-09-29 13:37:00.214870+00:00
[2020-09-29 13:42:10,269] {dag_processing.py:1312} INFO - Finding 'running' jobs without a recent heartbeat
[2020-09-29 13:42:10,269] {dag_processing.py:1316} INFO - Failing jobs without heartbeat after 2020-09-29 13:37:10.269493+00:00
[2020-09-29 13:42:10,277] {dag_processing.py:1064} INFO - 
================================================================================
DAG File Processing Stats

File Path                         PID  Runtime      # DAGs    # Errors  Last Runtime    Last Run
------------------------------  -----  ---------  --------  ----------  --------------  -------------------
/opt/airflow/dags/dummy_dag.py   1207  0.00s             0           0  1.01s           2020-09-29T13:42:10
================================================================================
[2020-09-29 13:42:20,324] {dag_processing.py:1312} INFO - Finding 'running' jobs without a recent heartbeat
[2020-09-29 13:42:20,324] {dag_processing.py:1316} INFO - Failing jobs without heartbeat after 2020-09-29 13:37:20.324834+00:00
[2020-09-29 13:42:30,380] {dag_processing.py:1312} INFO - Finding 'running' jobs without a recent heartbeat
[2020-09-29 13:42:30,380] {dag_processing.py:1316} INFO - Failing jobs without heartbeat after 2020-09-29 13:37:30.380792+00:00
[2020-09-29 13:42:40,434] {dag_processing.py:1312} INFO - Finding 'running' jobs without a recent heartbeat
[2020-09-29 13:42:40,434] {dag_processing.py:1316} INFO - Failing jobs without heartbeat after 2020-09-29 13:37:40.434377+00:00
[2020-09-29 13:42:40,442] {dag_processing.py:1064} INFO - 
================================================================================
DAG File Processing Stats

File Path                         PID  Runtime      # DAGs    # Errors  Last Runtime    Last Run
------------------------------  -----  ---------  --------  ----------  --------------  -------------------
/opt/airflow/dags/dummy_dag.py   1357  0.00s             0           0  1.01s           2020-09-29T13:42:40
================================================================================
[2020-09-29 13:42:50,489] {dag_processing.py:1312} INFO - Finding 'running' jobs without a recent heartbeat
[2020-09-29 13:42:50,489] {dag_processing.py:1316} INFO - Failing jobs without heartbeat after 2020-09-29 13:37:50.489449+00:00
[2020-09-29 13:43:00,545] {dag_processing.py:1312} INFO - Finding 'running' jobs without a recent heartbeat
[2020-09-29 13:43:00,546] {dag_processing.py:1316} INFO - Failing jobs without heartbeat after 2020-09-29 13:38:00.546020+00:00
[2020-09-29 13:43:10,601] {dag_processing.py:1312} INFO - Finding 'running' jobs without a recent heartbeat
[2020-09-29 13:43:10,602] {dag_processing.py:1316} INFO - Failing jobs without heartbeat after 2020-09-29 13:38:10.602034+00:00
[2020-09-29 13:43:10,610] {dag_processing.py:1064} INFO - 
================================================================================
DAG File Processing Stats

File Path                         PID  Runtime      # DAGs    # Errors  Last Runtime    Last Run
------------------------------  -----  ---------  --------  ----------  --------------  -------------------
/opt/airflow/dags/dummy_dag.py   1507  0.00s             0           0  1.01s           2020-09-29T13:43:10
================================================================================
[2020-09-29 13:43:20,658] {dag_processing.py:1312} INFO - Finding 'running' jobs without a recent heartbeat
[2020-09-29 13:43:20,659] {dag_processing.py:1316} INFO - Failing jobs without heartbeat after 2020-09-29 13:38:20.659188+00:00
[2020-09-29 13:43:30,715] {dag_processing.py:1312} INFO - Finding 'running' jobs without a recent heartbeat
[2020-09-29 13:43:30,715] {dag_processing.py:1316} INFO - Failing jobs without heartbeat after 2020-09-29 13:38:30.715700+00:00
[2020-09-29 13:43:39,763] {dag_processing.py:939} INFO - Searching for files in /opt/airflow/dags
[2020-09-29 13:43:39,764] {dag_processing.py:942} INFO - There are 1 files in /opt/airflow/dags
[2020-09-29 13:43:40,774] {dag_processing.py:1312} INFO - Finding 'running' jobs without a recent heartbeat
[2020-09-29 13:43:40,775] {dag_processing.py:1316} INFO - Failing jobs without heartbeat after 2020-09-29 13:38:40.775253+00:00
[2020-09-29 13:43:40,784] {dag_processing.py:1064} INFO - 
================================================================================
DAG File Processing Stats

File Path                         PID  Runtime      # DAGs    # Errors  Last Runtime    Last Run
------------------------------  -----  ---------  --------  ----------  --------------  -------------------
/opt/airflow/dags/dummy_dag.py   1657  0.00s             0           0  1.01s           2020-09-29T13:43:40
================================================================================
[2020-09-29 13:43:50,832] {dag_processing.py:1312} INFO - Finding 'running' jobs without a recent heartbeat
[2020-09-29 13:43:50,833] {dag_processing.py:1316} INFO - Failing jobs without heartbeat after 2020-09-29 13:38:50.833077+00:00
[2020-09-29 13:44:00,892] {dag_processing.py:1312} INFO - Finding 'running' jobs without a recent heartbeat
[2020-09-29 13:44:00,892] {dag_processing.py:1316} INFO - Failing jobs without heartbeat after 2020-09-29 13:39:00.892863+00:00
[2020-09-29 13:44:10,948] {dag_processing.py:1312} INFO - Finding 'running' jobs without a recent heartbeat
[2020-09-29 13:44:10,949] {dag_processing.py:1316} INFO - Failing jobs without heartbeat after 2020-09-29 13:39:10.949113+00:00
[2020-09-29 13:44:10,958] {dag_processing.py:1064} INFO - 
================================================================================
DAG File Processing Stats

File Path                         PID  Runtime      # DAGs    # Errors  Last Runtime    Last Run
------------------------------  -----  ---------  --------  ----------  --------------  -------------------
/opt/airflow/dags/dummy_dag.py   1807  0.00s             0           0  1.01s           2020-09-29T13:44:10
================================================================================
[2020-09-29 13:44:21,007] {dag_processing.py:1312} INFO - Finding 'running' jobs without a recent heartbeat
[2020-09-29 13:44:21,007] {dag_processing.py:1316} INFO - Failing jobs without heartbeat after 2020-09-29 13:39:21.007542+00:00
[2020-09-29 13:44:31,069] {dag_processing.py:1312} INFO - Finding 'running' jobs without a recent heartbeat
[2020-09-29 13:44:31,069] {dag_processing.py:1316} INFO - Failing jobs without heartbeat after 2020-09-29 13:39:31.069506+00:00
[2020-09-29 13:44:41,128] {dag_processing.py:1312} INFO - Finding 'running' jobs without a recent heartbeat
[2020-09-29 13:44:41,128] {dag_processing.py:1316} INFO - Failing jobs without heartbeat after 2020-09-29 13:39:41.128429+00:00
[2020-09-29 13:44:41,138] {dag_processing.py:1064} INFO - 
================================================================================
DAG File Processing Stats

File Path                         PID  Runtime      # DAGs    # Errors  Last Runtime    Last Run
------------------------------  -----  ---------  --------  ----------  --------------  -------------------
/opt/airflow/dags/dummy_dag.py   1957  0.00s             0           0  1.01s           2020-09-29T13:44:41
================================================================================
[2020-09-29 13:44:51,185] {dag_processing.py:1312} INFO - Finding 'running' jobs without a recent heartbeat
[2020-09-29 13:44:51,186] {dag_processing.py:1316} INFO - Failing jobs without heartbeat after 2020-09-29 13:39:51.186086+00:00
[2020-09-29 13:45:01,241] {dag_processing.py:1312} INFO - Finding 'running' jobs without a recent heartbeat
[2020-09-29 13:45:01,241] {dag_processing.py:1316} INFO - Failing jobs without heartbeat after 2020-09-29 13:40:01.241509+00:00
[2020-09-29 13:45:11,310] {dag_processing.py:1312} INFO - Finding 'running' jobs without a recent heartbeat
[2020-09-29 13:45:11,311] {dag_processing.py:1316} INFO - Failing jobs without heartbeat after 2020-09-29 13:40:11.311197+00:00
[2020-09-29 13:45:11,320] {dag_processing.py:1064} INFO - 
================================================================================
DAG File Processing Stats

File Path                         PID  Runtime      # DAGs    # Errors  Last Runtime    Last Run
------------------------------  -----  ---------  --------  ----------  --------------  -------------------
/opt/airflow/dags/dummy_dag.py   2107  0.00s             0           0  1.01s           2020-09-29T13:45:11
================================================================================
[2020-09-29 13:45:21,367] {dag_processing.py:1312} INFO - Finding 'running' jobs without a recent heartbeat
[2020-09-29 13:45:21,368] {dag_processing.py:1316} INFO - Failing jobs without heartbeat after 2020-09-29 13:40:21.368078+00:00
[2020-09-29 13:45:31,424] {dag_processing.py:1312} INFO - Finding 'running' jobs without a recent heartbeat
[2020-09-29 13:45:31,424] {dag_processing.py:1316} INFO - Failing jobs without heartbeat after 2020-09-29 13:40:31.424436+00:00
[2020-09-29 13:45:41,485] {dag_processing.py:1312} INFO - Finding 'running' jobs without a recent heartbeat
[2020-09-29 13:45:41,486] {dag_processing.py:1316} INFO - Failing jobs without heartbeat after 2020-09-29 13:40:41.486113+00:00
[2020-09-29 13:45:41,495] {dag_processing.py:1064} INFO - 
================================================================================
DAG File Processing Stats

File Path                         PID  Runtime      # DAGs    # Errors  Last Runtime    Last Run
------------------------------  -----  ---------  --------  ----------  --------------  -------------------
/opt/airflow/dags/dummy_dag.py   2257  0.00s             0           0  1.01s           2020-09-29T13:45:41
================================================================================
[2020-09-29 13:45:51,544] {dag_processing.py:1312} INFO - Finding 'running' jobs without a recent heartbeat
[2020-09-29 13:45:51,544] {dag_processing.py:1316} INFO - Failing jobs without heartbeat after 2020-09-29 13:40:51.544701+00:00
[2020-09-29 13:46:01,599] {dag_processing.py:1312} INFO - Finding 'running' jobs without a recent heartbeat
[2020-09-29 13:46:01,600] {dag_processing.py:1316} INFO - Failing jobs without heartbeat after 2020-09-29 13:41:01.600111+00:00
[2020-09-29 13:46:11,659] {dag_processing.py:1312} INFO - Finding 'running' jobs without a recent heartbeat
[2020-09-29 13:46:11,659] {dag_processing.py:1316} INFO - Failing jobs without heartbeat after 2020-09-29 13:41:11.659362+00:00
[2020-09-29 13:46:11,668] {dag_processing.py:1064} INFO - 
================================================================================
DAG File Processing Stats

File Path                         PID  Runtime      # DAGs    # Errors  Last Runtime    Last Run
------------------------------  -----  ---------  --------  ----------  --------------  -------------------
/opt/airflow/dags/dummy_dag.py   2407  0.00s             0           0  1.01s           2020-09-29T13:46:11
================================================================================
[2020-09-29 13:46:21,716] {dag_processing.py:1312} INFO - Finding 'running' jobs without a recent heartbeat
[2020-09-29 13:46:21,717] {dag_processing.py:1316} INFO - Failing jobs without heartbeat after 2020-09-29 13:41:21.717374+00:00
[2020-09-29 13:46:31,775] {dag_processing.py:1312} INFO - Finding 'running' jobs without a recent heartbeat
[2020-09-29 13:46:31,776] {dag_processing.py:1316} INFO - Failing jobs without heartbeat after 2020-09-29 13:41:31.775981+00:00
[2020-09-29 13:46:41,830] {dag_processing.py:1312} INFO - Finding 'running' jobs without a recent heartbeat
[2020-09-29 13:46:41,830] {dag_processing.py:1316} INFO - Failing jobs without heartbeat after 2020-09-29 13:41:41.830789+00:00
[2020-09-29 13:46:41,839] {dag_processing.py:1064} INFO - 
================================================================================
DAG File Processing Stats

File Path                         PID  Runtime      # DAGs    # Errors  Last Runtime    Last Run
------------------------------  -----  ---------  --------  ----------  --------------  -------------------
/opt/airflow/dags/dummy_dag.py   2557  0.00s             0           0  1.01s           2020-09-29T13:46:41
================================================================================
[2020-09-29 13:46:51,885] {dag_processing.py:1312} INFO - Finding 'running' jobs without a recent heartbeat
[2020-09-29 13:46:51,885] {dag_processing.py:1316} INFO - Failing jobs without heartbeat after 2020-09-29 13:41:51.885898+00:00
[2020-09-29 13:47:01,940] {dag_processing.py:1312} INFO - Finding 'running' jobs without a recent heartbeat
[2020-09-29 13:47:01,940] {dag_processing.py:1316} INFO - Failing jobs without heartbeat after 2020-09-29 13:42:01.940671+00:00
[2020-09-29 13:47:11,997] {dag_processing.py:1312} INFO - Finding 'running' jobs without a recent heartbeat
[2020-09-29 13:47:11,997] {dag_processing.py:1316} INFO - Failing jobs without heartbeat after 2020-09-29 13:42:11.997419+00:00
[2020-09-29 13:47:12,006] {dag_processing.py:1064} INFO - 
================================================================================
DAG File Processing Stats

File Path                         PID  Runtime      # DAGs    # Errors  Last Runtime    Last Run
------------------------------  -----  ---------  --------  ----------  --------------  -------------------
/opt/airflow/dags/dummy_dag.py   2707  0.00s             0           0  1.01s           2020-09-29T13:47:12
================================================================================
[2020-09-29 13:47:22,057] {dag_processing.py:1312} INFO - Finding 'running' jobs without a recent heartbeat
[2020-09-29 13:47:22,058] {dag_processing.py:1316} INFO - Failing jobs without heartbeat after 2020-09-29 13:42:22.058198+00:00
[2020-09-29 13:47:32,111] {dag_processing.py:1312} INFO - Finding 'running' jobs without a recent heartbeat
[2020-09-29 13:47:32,112] {dag_processing.py:1316} INFO - Failing jobs without heartbeat after 2020-09-29 13:42:32.112334+00:00
[2020-09-29 13:47:42,168] {dag_processing.py:1312} INFO - Finding 'running' jobs without a recent heartbeat
[2020-09-29 13:47:42,168] {dag_processing.py:1316} INFO - Failing jobs without heartbeat after 2020-09-29 13:42:42.168617+00:00
[2020-09-29 13:47:42,177] {dag_processing.py:1064} INFO - 
================================================================================
DAG File Processing Stats

File Path                         PID  Runtime      # DAGs    # Errors  Last Runtime    Last Run
------------------------------  -----  ---------  --------  ----------  --------------  -------------------
/opt/airflow/dags/dummy_dag.py   2857  0.00s             0           0  1.01s           2020-09-29T13:47:42
================================================================================
[2020-09-29 13:47:52,226] {dag_processing.py:1312} INFO - Finding 'running' jobs without a recent heartbeat
[2020-09-29 13:47:52,227] {dag_processing.py:1316} INFO - Failing jobs without heartbeat after 2020-09-29 13:42:52.227238+00:00
[2020-09-29 13:48:02,293] {dag_processing.py:1312} INFO - Finding 'running' jobs without a recent heartbeat
[2020-09-29 13:48:02,294] {dag_processing.py:1316} INFO - Failing jobs without heartbeat after 2020-09-29 13:43:02.294077+00:00
[2020-09-29 13:48:12,354] {dag_processing.py:1312} INFO - Finding 'running' jobs without a recent heartbeat
[2020-09-29 13:48:12,354] {dag_processing.py:1316} INFO - Failing jobs without heartbeat after 2020-09-29 13:43:12.354334+00:00
[2020-09-29 13:48:12,364] {dag_processing.py:1064} INFO - 
================================================================================
DAG File Processing Stats

File Path                         PID  Runtime      # DAGs    # Errors  Last Runtime    Last Run
------------------------------  -----  ---------  --------  ----------  --------------  -------------------
/opt/airflow/dags/dummy_dag.py   3007  0.00s             0           0  1.01s           2020-09-29T13:48:12
================================================================================
[2020-09-29 13:48:22,411] {dag_processing.py:1312} INFO - Finding 'running' jobs without a recent heartbeat
[2020-09-29 13:48:22,411] {dag_processing.py:1316} INFO - Failing jobs without heartbeat after 2020-09-29 13:43:22.411821+00:00
[2020-09-29 13:48:32,469] {dag_processing.py:1312} INFO - Finding 'running' jobs without a recent heartbeat
[2020-09-29 13:48:32,469] {dag_processing.py:1316} INFO - Failing jobs without heartbeat after 2020-09-29 13:43:32.469484+00:00
[2020-09-29 13:48:40,514] {dag_processing.py:939} INFO - Searching for files in /opt/airflow/dags
[2020-09-29 13:48:40,514] {dag_processing.py:942} INFO - There are 1 files in /opt/airflow/dags
[2020-09-29 13:48:42,526] {dag_processing.py:1312} INFO - Finding 'running' jobs without a recent heartbeat
[2020-09-29 13:48:42,526] {dag_processing.py:1316} INFO - Failing jobs without heartbeat after 2020-09-29 13:43:42.526322+00:00
[2020-09-29 13:48:42,535] {dag_processing.py:1064} INFO - 
================================================================================
DAG File Processing Stats

File Path                         PID  Runtime      # DAGs    # Errors  Last Runtime    Last Run
------------------------------  -----  ---------  --------  ----------  --------------  -------------------
/opt/airflow/dags/dummy_dag.py   3157  0.00s             0           0  1.01s           2020-09-29T13:48:42
================================================================================
[2020-09-29 13:48:52,581] {dag_processing.py:1312} INFO - Finding 'running' jobs without a recent heartbeat
[2020-09-29 13:48:52,582] {dag_processing.py:1316} INFO - Failing jobs without heartbeat after 2020-09-29 13:43:52.582110+00:00
[2020-09-29 13:49:02,640] {dag_processing.py:1312} INFO - Finding 'running' jobs without a recent heartbeat
[2020-09-29 13:49:02,640] {dag_processing.py:1316} INFO - Failing jobs without heartbeat after 2020-09-29 13:44:02.640574+00:00
[2020-09-29 13:49:12,697] {dag_processing.py:1312} INFO - Finding 'running' jobs without a recent heartbeat
[2020-09-29 13:49:12,698] {dag_processing.py:1316} INFO - Failing jobs without heartbeat after 2020-09-29 13:44:12.698081+00:00
[2020-09-29 13:49:12,706] {dag_processing.py:1064} INFO - 
================================================================================
DAG File Processing Stats

File Path                         PID  Runtime      # DAGs    # Errors  Last Runtime    Last Run
------------------------------  -----  ---------  --------  ----------  --------------  -------------------
/opt/airflow/dags/dummy_dag.py   3307  0.00s             0           0  1.01s           2020-09-29T13:49:12
================================================================================
[2020-09-29 13:49:22,752] {dag_processing.py:1312} INFO - Finding 'running' jobs without a recent heartbeat
[2020-09-29 13:49:22,753] {dag_processing.py:1316} INFO - Failing jobs without heartbeat after 2020-09-29 13:44:22.753203+00:00
[2020-09-29 13:49:32,806] {dag_processing.py:1312} INFO - Finding 'running' jobs without a recent heartbeat
[2020-09-29 13:49:32,806] {dag_processing.py:1316} INFO - Failing jobs without heartbeat after 2020-09-29 13:44:32.806726+00:00
[2020-09-29 13:49:42,866] {dag_processing.py:1312} INFO - Finding 'running' jobs without a recent heartbeat
[2020-09-29 13:49:42,867] {dag_processing.py:1316} INFO - Failing jobs without heartbeat after 2020-09-29 13:44:42.867018+00:00
[2020-09-29 13:49:42,878] {dag_processing.py:1064} INFO - 
================================================================================
DAG File Processing Stats

File Path                         PID  Runtime      # DAGs    # Errors  Last Runtime    Last Run
------------------------------  -----  ---------  --------  ----------  --------------  -------------------
/opt/airflow/dags/dummy_dag.py   3457  0.00s             0           0  1.01s           2020-09-29T13:49:42
================================================================================
[2020-09-29 13:49:52,926] {dag_processing.py:1312} INFO - Finding 'running' jobs without a recent heartbeat
[2020-09-29 13:49:52,926] {dag_processing.py:1316} INFO - Failing jobs without heartbeat after 2020-09-29 13:44:52.926327+00:00
[2020-09-29 13:50:02,983] {dag_processing.py:1312} INFO - Finding 'running' jobs without a recent heartbeat
[2020-09-29 13:50:02,983] {dag_processing.py:1316} INFO - Failing jobs without heartbeat after 2020-09-29 13:45:02.983380+00:00
[2020-09-29 13:50:13,042] {dag_processing.py:1312} INFO - Finding 'running' jobs without a recent heartbeat
[2020-09-29 13:50:13,042] {dag_processing.py:1316} INFO - Failing jobs without heartbeat after 2020-09-29 13:45:13.042488+00:00
[2020-09-29 13:50:13,054] {dag_processing.py:1064} INFO - 
================================================================================
DAG File Processing Stats

File Path                         PID  Runtime      # DAGs    # Errors  Last Runtime    Last Run
------------------------------  -----  ---------  --------  ----------  --------------  -------------------
/opt/airflow/dags/dummy_dag.py   3607  0.00s             0           0  1.01s           2020-09-29T13:50:13
================================================================================
[2020-09-29 13:50:23,100] {dag_processing.py:1312} INFO - Finding 'running' jobs without a recent heartbeat
[2020-09-29 13:50:23,101] {dag_processing.py:1316} INFO - Failing jobs without heartbeat after 2020-09-29 13:45:23.100986+00:00
[2020-09-29 13:50:33,155] {dag_processing.py:1312} INFO - Finding 'running' jobs without a recent heartbeat
[2020-09-29 13:50:33,155] {dag_processing.py:1316} INFO - Failing jobs without heartbeat after 2020-09-29 13:45:33.155685+00:00
[2020-09-29 13:50:43,210] {dag_processing.py:1312} INFO - Finding 'running' jobs without a recent heartbeat
[2020-09-29 13:50:43,210] {dag_processing.py:1316} INFO - Failing jobs without heartbeat after 2020-09-29 13:45:43.210741+00:00
[2020-09-29 13:50:43,219] {dag_processing.py:1064} INFO - 
================================================================================
DAG File Processing Stats

File Path                         PID  Runtime      # DAGs    # Errors  Last Runtime    Last Run
------------------------------  -----  ---------  --------  ----------  --------------  -------------------
/opt/airflow/dags/dummy_dag.py   3757  0.00s             0           0  1.01s           2020-09-29T13:50:43
================================================================================
[2020-09-29 13:50:53,272] {dag_processing.py:1312} INFO - Finding 'running' jobs without a recent heartbeat
[2020-09-29 13:50:53,272] {dag_processing.py:1316} INFO - Failing jobs without heartbeat after 2020-09-29 13:45:53.272763+00:00
[2020-09-29 13:51:03,326] {dag_processing.py:1312} INFO - Finding 'running' jobs without a recent heartbeat
[2020-09-29 13:51:03,326] {dag_processing.py:1316} INFO - Failing jobs without heartbeat after 2020-09-29 13:46:03.326567+00:00
[2020-09-29 13:51:13,379] {dag_processing.py:1312} INFO - Finding 'running' jobs without a recent heartbeat
[2020-09-29 13:51:13,380] {dag_processing.py:1316} INFO - Failing jobs without heartbeat after 2020-09-29 13:46:13.380150+00:00
[2020-09-29 13:51:13,394] {dag_processing.py:1064} INFO - 
================================================================================
DAG File Processing Stats

File Path                         PID  Runtime      # DAGs    # Errors  Last Runtime    Last Run
------------------------------  -----  ---------  --------  ----------  --------------  -------------------
/opt/airflow/dags/dummy_dag.py   3907  0.00s             0           0  1.01s           2020-09-29T13:51:13
================================================================================
[2020-09-29 13:51:23,447] {dag_processing.py:1312} INFO - Finding 'running' jobs without a recent heartbeat
[2020-09-29 13:51:23,447] {dag_processing.py:1316} INFO - Failing jobs without heartbeat after 2020-09-29 13:46:23.447429+00:00
[2020-09-29 13:51:33,502] {dag_processing.py:1312} INFO - Finding 'running' jobs without a recent heartbeat
[2020-09-29 13:51:33,502] {dag_processing.py:1316} INFO - Failing jobs without heartbeat after 2020-09-29 13:46:33.502395+00:00
[2020-09-29 13:51:43,557] {dag_processing.py:1312} INFO - Finding 'running' jobs without a recent heartbeat
[2020-09-29 13:51:43,558] {dag_processing.py:1316} INFO - Failing jobs without heartbeat after 2020-09-29 13:46:43.558155+00:00
[2020-09-29 13:51:43,567] {dag_processing.py:1064} INFO - 
================================================================================
DAG File Processing Stats

File Path                         PID  Runtime      # DAGs    # Errors  Last Runtime    Last Run
------------------------------  -----  ---------  --------  ----------  --------------  -------------------
/opt/airflow/dags/dummy_dag.py   4057  0.00s             0           0  1.01s           2020-09-29T13:51:43
================================================================================
[2020-09-29 13:51:53,616] {dag_processing.py:1312} INFO - Finding 'running' jobs without a recent heartbeat
[2020-09-29 13:51:53,616] {dag_processing.py:1316} INFO - Failing jobs without heartbeat after 2020-09-29 13:46:53.616610+00:00
[2020-09-29 13:52:03,671] {dag_processing.py:1312} INFO - Finding 'running' jobs without a recent heartbeat
[2020-09-29 13:52:03,671] {dag_processing.py:1316} INFO - Failing jobs without heartbeat after 2020-09-29 13:47:03.671825+00:00
[2020-09-29 13:52:13,727] {dag_processing.py:1312} INFO - Finding 'running' jobs without a recent heartbeat
[2020-09-29 13:52:13,727] {dag_processing.py:1316} INFO - Failing jobs without heartbeat after 2020-09-29 13:47:13.727392+00:00
[2020-09-29 13:52:13,735] {dag_processing.py:1064} INFO - 
================================================================================
DAG File Processing Stats

File Path                         PID  Runtime      # DAGs    # Errors  Last Runtime    Last Run
------------------------------  -----  ---------  --------  ----------  --------------  -------------------
/opt/airflow/dags/dummy_dag.py   4207  0.00s             0           0  1.01s           2020-09-29T13:52:13
================================================================================
[2020-09-29 13:52:23,783] {dag_processing.py:1312} INFO - Finding 'running' jobs without a recent heartbeat
[2020-09-29 13:52:23,783] {dag_processing.py:1316} INFO - Failing jobs without heartbeat after 2020-09-29 13:47:23.783771+00:00
[2020-09-29 13:52:33,843] {dag_processing.py:1312} INFO - Finding 'running' jobs without a recent heartbeat
[2020-09-29 13:52:33,843] {dag_processing.py:1316} INFO - Failing jobs without heartbeat after 2020-09-29 13:47:33.843917+00:00
[2020-09-29 13:52:43,911] {dag_processing.py:1312} INFO - Finding 'running' jobs without a recent heartbeat
[2020-09-29 13:52:43,911] {dag_processing.py:1316} INFO - Failing jobs without heartbeat after 2020-09-29 13:47:43.911354+00:00
[2020-09-29 13:52:43,919] {dag_processing.py:1064} INFO - 
================================================================================
DAG File Processing Stats

File Path                         PID  Runtime      # DAGs    # Errors  Last Runtime    Last Run
------------------------------  -----  ---------  --------  ----------  --------------  -------------------
/opt/airflow/dags/dummy_dag.py   4357  0.00s             0           0  1.01s           2020-09-29T13:52:43
================================================================================
[2020-09-29 13:52:53,971] {dag_processing.py:1312} INFO - Finding 'running' jobs without a recent heartbeat
[2020-09-29 13:52:53,971] {dag_processing.py:1316} INFO - Failing jobs without heartbeat after 2020-09-29 13:47:53.971722+00:00
[2020-09-29 13:53:04,026] {dag_processing.py:1312} INFO - Finding 'running' jobs without a recent heartbeat
[2020-09-29 13:53:04,026] {dag_processing.py:1316} INFO - Failing jobs without heartbeat after 2020-09-29 13:48:04.026365+00:00
[2020-09-29 13:53:14,086] {dag_processing.py:1312} INFO - Finding 'running' jobs without a recent heartbeat
[2020-09-29 13:53:14,086] {dag_processing.py:1316} INFO - Failing jobs without heartbeat after 2020-09-29 13:48:14.086423+00:00
[2020-09-29 13:53:14,094] {dag_processing.py:1064} INFO - 
================================================================================
DAG File Processing Stats

File Path                         PID  Runtime      # DAGs    # Errors  Last Runtime    Last Run
------------------------------  -----  ---------  --------  ----------  --------------  -------------------
/opt/airflow/dags/dummy_dag.py   4507  0.00s             0           0  1.01s           2020-09-29T13:53:14
================================================================================
[2020-09-29 13:53:24,148] {dag_processing.py:1312} INFO - Finding 'running' jobs without a recent heartbeat
[2020-09-29 13:53:24,148] {dag_processing.py:1316} INFO - Failing jobs without heartbeat after 2020-09-29 13:48:24.148290+00:00
[2020-09-29 13:53:34,202] {dag_processing.py:1312} INFO - Finding 'running' jobs without a recent heartbeat
[2020-09-29 13:53:34,203] {dag_processing.py:1316} INFO - Failing jobs without heartbeat after 2020-09-29 13:48:34.203024+00:00
[2020-09-29 13:53:41,250] {dag_processing.py:939} INFO - Searching for files in /opt/airflow/dags
[2020-09-29 13:53:41,252] {dag_processing.py:942} INFO - There are 1 files in /opt/airflow/dags
[2020-09-29 13:53:44,279] {dag_processing.py:1312} INFO - Finding 'running' jobs without a recent heartbeat
[2020-09-29 13:53:44,279] {dag_processing.py:1316} INFO - Failing jobs without heartbeat after 2020-09-29 13:48:44.279411+00:00
[2020-09-29 13:53:44,288] {dag_processing.py:1064} INFO - 
================================================================================
DAG File Processing Stats

File Path                         PID  Runtime      # DAGs    # Errors  Last Runtime    Last Run
------------------------------  -----  ---------  --------  ----------  --------------  -------------------
/opt/airflow/dags/dummy_dag.py   4657  0.00s             0           0  1.01s           2020-09-29T13:53:44
================================================================================
[2020-09-29 13:53:54,336] {dag_processing.py:1312} INFO - Finding 'running' jobs without a recent heartbeat
[2020-09-29 13:53:54,337] {dag_processing.py:1316} INFO - Failing jobs without heartbeat after 2020-09-29 13:48:54.337058+00:00
[2020-09-29 13:54:04,390] {dag_processing.py:1312} INFO - Finding 'running' jobs without a recent heartbeat
[2020-09-29 13:54:04,390] {dag_processing.py:1316} INFO - Failing jobs without heartbeat after 2020-09-29 13:49:04.390968+00:00
[2020-09-29 13:54:14,453] {dag_processing.py:1312} INFO - Finding 'running' jobs without a recent heartbeat
[2020-09-29 13:54:14,453] {dag_processing.py:1316} INFO - Failing jobs without heartbeat after 2020-09-29 13:49:14.453758+00:00
[2020-09-29 13:54:14,461] {dag_processing.py:1064} INFO - 
================================================================================
DAG File Processing Stats

File Path                         PID  Runtime      # DAGs    # Errors  Last Runtime    Last Run
------------------------------  -----  ---------  --------  ----------  --------------  -------------------
/opt/airflow/dags/dummy_dag.py   4807  0.00s             0           0  1.01s           2020-09-29T13:54:14
================================================================================
[2020-09-29 13:54:24,510] {dag_processing.py:1312} INFO - Finding 'running' jobs without a recent heartbeat
[2020-09-29 13:54:24,510] {dag_processing.py:1316} INFO - Failing jobs without heartbeat after 2020-09-29 13:49:24.510444+00:00
[2020-09-29 13:54:34,563] {dag_processing.py:1312} INFO - Finding 'running' jobs without a recent heartbeat
[2020-09-29 13:54:34,563] {dag_processing.py:1316} INFO - Failing jobs without heartbeat after 2020-09-29 13:49:34.563492+00:00
[2020-09-29 13:54:44,617] {dag_processing.py:1312} INFO - Finding 'running' jobs without a recent heartbeat
[2020-09-29 13:54:44,618] {dag_processing.py:1316} INFO - Failing jobs without heartbeat after 2020-09-29 13:49:44.618276+00:00
[2020-09-29 13:54:44,626] {dag_processing.py:1064} INFO - 
================================================================================
DAG File Processing Stats

File Path                         PID  Runtime      # DAGs    # Errors  Last Runtime    Last Run
------------------------------  -----  ---------  --------  ----------  --------------  -------------------
/opt/airflow/dags/dummy_dag.py   4957  0.00s             0           0  1.01s           2020-09-29T13:54:44
================================================================================
[2020-09-29 13:54:54,675] {dag_processing.py:1312} INFO - Finding 'running' jobs without a recent heartbeat
[2020-09-29 13:54:54,675] {dag_processing.py:1316} INFO - Failing jobs without heartbeat after 2020-09-29 13:49:54.675359+00:00
[2020-09-29 13:55:04,734] {dag_processing.py:1312} INFO - Finding 'running' jobs without a recent heartbeat
[2020-09-29 13:55:04,734] {dag_processing.py:1316} INFO - Failing jobs without heartbeat after 2020-09-29 13:50:04.734531+00:00
[2020-09-29 13:55:14,794] {dag_processing.py:1312} INFO - Finding 'running' jobs without a recent heartbeat
[2020-09-29 13:55:14,795] {dag_processing.py:1316} INFO - Failing jobs without heartbeat after 2020-09-29 13:50:14.795200+00:00
[2020-09-29 13:55:14,803] {dag_processing.py:1064} INFO - 
================================================================================
DAG File Processing Stats

File Path                         PID  Runtime      # DAGs    # Errors  Last Runtime    Last Run
------------------------------  -----  ---------  --------  ----------  --------------  -------------------
/opt/airflow/dags/dummy_dag.py   5107  0.00s             0           0  1.01s           2020-09-29T13:55:14
================================================================================
[2020-09-29 13:55:24,850] {dag_processing.py:1312} INFO - Finding 'running' jobs without a recent heartbeat
[2020-09-29 13:55:24,851] {dag_processing.py:1316} INFO - Failing jobs without heartbeat after 2020-09-29 13:50:24.851246+00:00
[2020-09-29 13:55:34,906] {dag_processing.py:1312} INFO - Finding 'running' jobs without a recent heartbeat
[2020-09-29 13:55:34,906] {dag_processing.py:1316} INFO - Failing jobs without heartbeat after 2020-09-29 13:50:34.906661+00:00
[2020-09-29 13:55:44,959] {dag_processing.py:1312} INFO - Finding 'running' jobs without a recent heartbeat
[2020-09-29 13:55:44,959] {dag_processing.py:1316} INFO - Failing jobs without heartbeat after 2020-09-29 13:50:44.959551+00:00
[2020-09-29 13:55:44,967] {dag_processing.py:1064} INFO - 
================================================================================
DAG File Processing Stats

File Path                         PID  Runtime      # DAGs    # Errors  Last Runtime    Last Run
------------------------------  -----  ---------  --------  ----------  --------------  -------------------
/opt/airflow/dags/dummy_dag.py   5257  0.00s             0           0  1.01s           2020-09-29T13:55:44
================================================================================
[2020-09-29 13:55:55,016] {dag_processing.py:1312} INFO - Finding 'running' jobs without a recent heartbeat
[2020-09-29 13:55:55,016] {dag_processing.py:1316} INFO - Failing jobs without heartbeat after 2020-09-29 13:50:55.016782+00:00
[2020-09-29 13:56:05,073] {dag_processing.py:1312} INFO - Finding 'running' jobs without a recent heartbeat
[2020-09-29 13:56:05,074] {dag_processing.py:1316} INFO - Failing jobs without heartbeat after 2020-09-29 13:51:05.074045+00:00
[2020-09-29 13:56:15,129] {dag_processing.py:1312} INFO - Finding 'running' jobs without a recent heartbeat
[2020-09-29 13:56:15,129] {dag_processing.py:1316} INFO - Failing jobs without heartbeat after 2020-09-29 13:51:15.129917+00:00
[2020-09-29 13:56:15,138] {dag_processing.py:1064} INFO - 
================================================================================
DAG File Processing Stats

File Path                         PID  Runtime      # DAGs    # Errors  Last Runtime    Last Run
------------------------------  -----  ---------  --------  ----------  --------------  -------------------
/opt/airflow/dags/dummy_dag.py   5407  0.00s             0           0  1.01s           2020-09-29T13:56:15
================================================================================
[2020-09-29 13:56:25,186] {dag_processing.py:1312} INFO - Finding 'running' jobs without a recent heartbeat
[2020-09-29 13:56:25,186] {dag_processing.py:1316} INFO - Failing jobs without heartbeat after 2020-09-29 13:51:25.186385+00:00
[2020-09-29 13:56:35,246] {dag_processing.py:1312} INFO - Finding 'running' jobs without a recent heartbeat
[2020-09-29 13:56:35,246] {dag_processing.py:1316} INFO - Failing jobs without heartbeat after 2020-09-29 13:51:35.246386+00:00
[2020-09-29 13:56:45,301] {dag_processing.py:1312} INFO - Finding 'running' jobs without a recent heartbeat
[2020-09-29 13:56:45,301] {dag_processing.py:1316} INFO - Failing jobs without heartbeat after 2020-09-29 13:51:45.301662+00:00
[2020-09-29 13:56:45,310] {dag_processing.py:1064} INFO - 
================================================================================
DAG File Processing Stats

File Path                         PID  Runtime      # DAGs    # Errors  Last Runtime    Last Run
------------------------------  -----  ---------  --------  ----------  --------------  -------------------
/opt/airflow/dags/dummy_dag.py   5557  0.00s             0           0  1.01s           2020-09-29T13:56:45
================================================================================
[2020-09-29 13:56:55,358] {dag_processing.py:1312} INFO - Finding 'running' jobs without a recent heartbeat
[2020-09-29 13:56:55,359] {dag_processing.py:1316} INFO - Failing jobs without heartbeat after 2020-09-29 13:51:55.359187+00:00
[2020-09-29 13:57:05,415] {dag_processing.py:1312} INFO - Finding 'running' jobs without a recent heartbeat
[2020-09-29 13:57:05,415] {dag_processing.py:1316} INFO - Failing jobs without heartbeat after 2020-09-29 13:52:05.415954+00:00
[2020-09-29 13:57:15,471] {dag_processing.py:1312} INFO - Finding 'running' jobs without a recent heartbeat
[2020-09-29 13:57:15,471] {dag_processing.py:1316} INFO - Failing jobs without heartbeat after 2020-09-29 13:52:15.471418+00:00
[2020-09-29 13:57:15,479] {dag_processing.py:1064} INFO - 
================================================================================
DAG File Processing Stats

File Path                         PID  Runtime      # DAGs    # Errors  Last Runtime    Last Run
------------------------------  -----  ---------  --------  ----------  --------------  -------------------
/opt/airflow/dags/dummy_dag.py   5707  0.00s             0           0  1.01s           2020-09-29T13:57:15
================================================================================
[2020-09-29 13:57:25,529] {dag_processing.py:1312} INFO - Finding 'running' jobs without a recent heartbeat
[2020-09-29 13:57:25,529] {dag_processing.py:1316} INFO - Failing jobs without heartbeat after 2020-09-29 13:52:25.529918+00:00
[2020-09-29 13:57:35,599] {dag_processing.py:1312} INFO - Finding 'running' jobs without a recent heartbeat
[2020-09-29 13:57:35,599] {dag_processing.py:1316} INFO - Failing jobs without heartbeat after 2020-09-29 13:52:35.599551+00:00
[2020-09-29 13:57:45,655] {dag_processing.py:1312} INFO - Finding 'running' jobs without a recent heartbeat
[2020-09-29 13:57:45,656] {dag_processing.py:1316} INFO - Failing jobs without heartbeat after 2020-09-29 13:52:45.656013+00:00
[2020-09-29 13:57:45,664] {dag_processing.py:1064} INFO - 
================================================================================
DAG File Processing Stats

File Path                         PID  Runtime      # DAGs    # Errors  Last Runtime    Last Run
------------------------------  -----  ---------  --------  ----------  --------------  -------------------
/opt/airflow/dags/dummy_dag.py   5857  0.00s             0           0  1.01s           2020-09-29T13:57:45
================================================================================
[2020-09-29 13:57:55,711] {dag_processing.py:1312} INFO - Finding 'running' jobs without a recent heartbeat
[2020-09-29 13:57:55,711] {dag_processing.py:1316} INFO - Failing jobs without heartbeat after 2020-09-29 13:52:55.711818+00:00
[2020-09-29 13:58:05,768] {dag_processing.py:1312} INFO - Finding 'running' jobs without a recent heartbeat
[2020-09-29 13:58:05,769] {dag_processing.py:1316} INFO - Failing jobs without heartbeat after 2020-09-29 13:53:05.769051+00:00
[2020-09-29 13:58:15,825] {dag_processing.py:1312} INFO - Finding 'running' jobs without a recent heartbeat
[2020-09-29 13:58:15,826] {dag_processing.py:1316} INFO - Failing jobs without heartbeat after 2020-09-29 13:53:15.826122+00:00
[2020-09-29 13:58:15,834] {dag_processing.py:1064} INFO - 
================================================================================
DAG File Processing Stats

File Path                         PID  Runtime      # DAGs    # Errors  Last Runtime    Last Run
------------------------------  -----  ---------  --------  ----------  --------------  -------------------
/opt/airflow/dags/dummy_dag.py   6007  0.00s             0           0  1.01s           2020-09-29T13:58:15
================================================================================
[2020-09-29 13:58:25,881] {dag_processing.py:1312} INFO - Finding 'running' jobs without a recent heartbeat
[2020-09-29 13:58:25,881] {dag_processing.py:1316} INFO - Failing jobs without heartbeat after 2020-09-29 13:53:25.881662+00:00
[2020-09-29 13:58:35,937] {dag_processing.py:1312} INFO - Finding 'running' jobs without a recent heartbeat
[2020-09-29 13:58:35,937] {dag_processing.py:1316} INFO - Failing jobs without heartbeat after 2020-09-29 13:53:35.937495+00:00
[2020-09-29 13:58:41,972] {dag_processing.py:939} INFO - Searching for files in /opt/airflow/dags
[2020-09-29 13:58:41,973] {dag_processing.py:942} INFO - There are 1 files in /opt/airflow/dags
[2020-09-29 13:58:45,998] {dag_processing.py:1312} INFO - Finding 'running' jobs without a recent heartbeat
[2020-09-29 13:58:45,999] {dag_processing.py:1316} INFO - Failing jobs without heartbeat after 2020-09-29 13:53:45.999084+00:00
[2020-09-29 13:58:46,007] {dag_processing.py:1064} INFO - 
================================================================================
DAG File Processing Stats

File Path                         PID  Runtime      # DAGs    # Errors  Last Runtime    Last Run
------------------------------  -----  ---------  --------  ----------  --------------  -------------------
/opt/airflow/dags/dummy_dag.py   6157  0.00s             0           0  1.01s           2020-09-29T13:58:46
================================================================================
[2020-09-29 13:58:56,053] {dag_processing.py:1312} INFO - Finding 'running' jobs without a recent heartbeat
[2020-09-29 13:58:56,054] {dag_processing.py:1316} INFO - Failing jobs without heartbeat after 2020-09-29 13:53:56.054001+00:00
[2020-09-29 13:59:06,107] {dag_processing.py:1312} INFO - Finding 'running' jobs without a recent heartbeat
[2020-09-29 13:59:06,107] {dag_processing.py:1316} INFO - Failing jobs without heartbeat after 2020-09-29 13:54:06.107811+00:00
[2020-09-29 13:59:16,162] {dag_processing.py:1312} INFO - Finding 'running' jobs without a recent heartbeat
[2020-09-29 13:59:16,162] {dag_processing.py:1316} INFO - Failing jobs without heartbeat after 2020-09-29 13:54:16.162340+00:00
[2020-09-29 13:59:16,170] {dag_processing.py:1064} INFO - 
================================================================================
DAG File Processing Stats

File Path                         PID  Runtime      # DAGs    # Errors  Last Runtime    Last Run
------------------------------  -----  ---------  --------  ----------  --------------  -------------------
/opt/airflow/dags/dummy_dag.py   6307  0.00s             0           0  1.01s           2020-09-29T13:59:16
================================================================================
